<?xml version="1.0" encoding="utf-8"?>
<test-results name="Xamarin Testcloud UITest" date="2017-07-31" time="16:10:52" total="15" errors="4" failures="0" not-run="0" inconclusive="3" ignored="0" skipped="0" invalid="0">
  <test-suite type="Assembly" name="nunit.dll" executed="True" result="Failure" success="False" time="169.888" asserts="0">
    <results>
      <test-suite type="Namespace" name="nunit" executed="True" result="Failure" success="False" time="169.884" asserts="0">
        <results>
          <test-suite type="ParameterizedFixture" name="SpecFlowFeature1Feature" executed="True" result="Failure" success="False" time="150.662" asserts="0">
            <results>
              <test-suite type="TestFixture" name="SpecFlowFeature1Feature(Android)" description="SpecFlowFeature1" executed="True" result="Failure" success="False" time="87.188" asserts="0">
                <results>
                  <test-case name="nunit.SpecFlowFeature1Feature(Android).AddANewTask_google_pixel-7_1_2" description="Add a new task" executed="True" result="Error" success="False" time="20.951" asserts="0">
                    <categories>
                      <category name="mytag" />
                    </categories>
                    <failure>
                      <message><![CDATA[System.Exception : Error while performing EnterText(TextField("txtName"), "Automation Task")
  ----> System.TimeoutException : Timed out waiting for keyboard to be shown.]]></message>
                      <stack-trace><![CDATA[at TechTalk.SpecFlow.Infrastructure.TestExecutionEngine.OnAfterLastStep () <0x7483878 + 0x0044b> in <filename unknown>:0
at TechTalk.SpecFlow.TestRunner.CollectScenarioErrors () <0x7483828 + 0x00018> in <filename unknown>:0
at nunit.SpecFlowFeature1Feature.ScenarioCleanup () <0x7483808 + 0x00018> in <filename unknown>:0
at nunit.SpecFlowFeature1Feature.AddANewTask () <0x72d67b8 + 0x00176> in <filename unknown>:0
--TimeoutException
at Xamarin.UITest.Shared.WaitForHelper.WaitFor (System.Func`1 predicate, System.String timeoutMessage, Nullable`1 timeout, Nullable`1 retryFrequency, Nullable`1 postTimeout) <0x703f2a8 + 0x004db> in <filename unknown>:0
at Xamarin.UITest.Android.AndroidApp+<EnterText>c__AnonStorey6.<>m__0 () <0x74816d0 + 0x001f7> in <filename unknown>:0
at Xamarin.UITest.Utils.ErrorReporting.With (System.Action func, System.Object[] args, System.String memberName) <0x72eea98 + 0x00030> in <filename unknown>:0
]]></stack-trace>
                    </failure>
                  </test-case>
                  <test-case name="nunit.SpecFlowFeature1Feature(Android).EditTheTask_google_pixel-7_1_2" description="Edit the task" executed="True" result="Error" success="False" time="20.298" asserts="0">
                    <failure>
                      <message><![CDATA[System.Exception : Error while performing DoubleTap(Marked("Automation Task"))
  ----> System.Exception : Unable to double tap on element. Query for Marked("Automation Task") gave no results.]]></message>
                      <stack-trace><![CDATA[at TechTalk.SpecFlow.Infrastructure.TestExecutionEngine.OnAfterLastStep () <0x7483878 + 0x0044b> in <filename unknown>:0
at TechTalk.SpecFlow.TestRunner.CollectScenarioErrors () <0x7483828 + 0x00018> in <filename unknown>:0
at nunit.SpecFlowFeature1Feature.ScenarioCleanup () <0x7483808 + 0x00018> in <filename unknown>:0
at nunit.SpecFlowFeature1Feature.EditTheTask () <0x7487440 + 0x00142> in <filename unknown>:0
--Exception
at Xamarin.UITest.Android.AndroidApp+<DoubleTap>c__AnonStorey15.<>m__0 () <0x7487a58 + 0x00317> in <filename unknown>:0
at Xamarin.UITest.Utils.ErrorReporting.With (System.Action func, System.Object[] args, System.String memberName) <0x72eea98 + 0x00030> in <filename unknown>:0
]]></stack-trace>
                    </failure>
                  </test-case>
                </results>
              </test-suite>
              <test-suite type="TestFixture" name="SpecFlowFeature1Feature(iOS)" description="SpecFlowFeature1" executed="True" result="Failure" success="False" time="63.471" asserts="0">
                <results>
                  <test-case name="nunit.SpecFlowFeature1Feature(iOS).AddANewTask_google_pixel-7_1_2" description="Add a new task" executed="True" result="Error" success="False" time="20.099" asserts="0">
                    <categories>
                      <category name="mytag" />
                    </categories>
                    <failure>
                      <message><![CDATA[System.Exception : Error while performing EnterText(TextField("txtName"), "Automation Task")
  ----> System.TimeoutException : Timed out waiting for keyboard to be shown.]]></message>
                      <stack-trace><![CDATA[at TechTalk.SpecFlow.Infrastructure.TestExecutionEngine.OnAfterLastStep () <0x7483878 + 0x0044b> in <filename unknown>:0
at TechTalk.SpecFlow.TestRunner.CollectScenarioErrors () <0x7483828 + 0x00018> in <filename unknown>:0
at nunit.SpecFlowFeature1Feature.ScenarioCleanup () <0x7483808 + 0x00018> in <filename unknown>:0
at nunit.SpecFlowFeature1Feature.AddANewTask () <0x72d67b8 + 0x00176> in <filename unknown>:0
--TimeoutException
at Xamarin.UITest.Shared.WaitForHelper.WaitFor (System.Func`1 predicate, System.String timeoutMessage, Nullable`1 timeout, Nullable`1 retryFrequency, Nullable`1 postTimeout) <0x703f2a8 + 0x004db> in <filename unknown>:0
at Xamarin.UITest.Android.AndroidApp+<EnterText>c__AnonStorey6.<>m__0 () <0x74816d0 + 0x001f7> in <filename unknown>:0
at Xamarin.UITest.Utils.ErrorReporting.With (System.Action func, System.Object[] args, System.String memberName) <0x72eea98 + 0x00030> in <filename unknown>:0
]]></stack-trace>
                    </failure>
                  </test-case>
                  <test-case name="nunit.SpecFlowFeature1Feature(iOS).EditTheTask_google_pixel-7_1_2" description="Edit the task" executed="True" result="Error" success="False" time="20.010" asserts="0">
                    <failure>
                      <message><![CDATA[System.Exception : Error while performing DoubleTap(Marked("Automation Task"))
  ----> System.Exception : Unable to double tap on element. Query for Marked("Automation Task") gave no results.]]></message>
                      <stack-trace><![CDATA[at TechTalk.SpecFlow.Infrastructure.TestExecutionEngine.OnAfterLastStep () <0x7483878 + 0x0044b> in <filename unknown>:0
at TechTalk.SpecFlow.TestRunner.CollectScenarioErrors () <0x7483828 + 0x00018> in <filename unknown>:0
at nunit.SpecFlowFeature1Feature.ScenarioCleanup () <0x7483808 + 0x00018> in <filename unknown>:0
at nunit.SpecFlowFeature1Feature.EditTheTask () <0x7487440 + 0x00142> in <filename unknown>:0
--Exception
at Xamarin.UITest.Android.AndroidApp+<DoubleTap>c__AnonStorey15.<>m__0 () <0x7487a58 + 0x00317> in <filename unknown>:0
at Xamarin.UITest.Utils.ErrorReporting.With (System.Action func, System.Object[] args, System.String memberName) <0x72eea98 + 0x00030> in <filename unknown>:0
]]></stack-trace>
                    </failure>
                  </test-case>
                </results>
              </test-suite>
            </results>
          </test-suite>
          <test-suite type="TestFixture" name="SpecFlowFeature2Feature" description="SpecFlowFeature2" executed="True" result="Inconclusive" success="False" time="19.221" asserts="0">
            <results>
              <test-case name="nunit.SpecFlowFeature2Feature.AddThreeNumbers_google_pixel-7_1_2" description="Add three numbers" executed="True" result="Inconclusive" success="False" time="0.030" asserts="0">
                <categories>
                  <category name="mytag" />
                </categories>
                <reason>
                  <message><![CDATA[No matching step definition found for one or more steps.
using System;
using TechTalk.SpecFlow;

namespace MyNamespace
{
    [Binding]
    public class StepDefinitions
    {
        [Given(@"I have entered (.*) into the calculator")]
        public void GivenIHaveEnteredIntoTheCalculator(int p0)
        {
            ScenarioContext.Current.Pending();
        }
    }
}
]]></message>
                </reason>
              </test-case>
            </results>
          </test-suite>
        </results>
      </test-suite>
    </results>
  </test-suite>
  <test-suite type="Assembly" name="nunit.dll" executed="True" result="Success" success="False" time="270.317" asserts="0">
    <results>
      <test-suite type="Namespace" name="nunit" executed="True" result="Success" success="False" time="270.313" asserts="0">
        <results>
          <test-suite type="ParameterizedFixture" name="SpecFlowFeature1Feature" executed="True" result="Success" success="True" time="250.807" asserts="0">
            <results>
              <test-suite type="TestFixture" name="SpecFlowFeature1Feature(Android)" description="SpecFlowFeature1" executed="True" result="Success" success="True" time="137.884" asserts="0">
                <results>
                  <test-case name="nunit.SpecFlowFeature1Feature(Android).AddANewTask_lg_g4-5_1" description="Add a new task" executed="True" result="Success" success="True" time="44.202" asserts="0">
                    <categories>
                      <category name="mytag" />
                    </categories>
                  </test-case>
                  <test-case name="nunit.SpecFlowFeature1Feature(Android).EditTheTask_lg_g4-5_1" description="Edit the task" executed="True" result="Success" success="True" time="43.907" asserts="0" />
                </results>
              </test-suite>
              <test-suite type="TestFixture" name="SpecFlowFeature1Feature(iOS)" description="SpecFlowFeature1" executed="True" result="Success" success="True" time="112.921" asserts="0">
                <results>
                  <test-case name="nunit.SpecFlowFeature1Feature(iOS).AddANewTask_lg_g4-5_1" description="Add a new task" executed="True" result="Success" success="True" time="44.157" asserts="0">
                    <categories>
                      <category name="mytag" />
                    </categories>
                  </test-case>
                  <test-case name="nunit.SpecFlowFeature1Feature(iOS).EditTheTask_lg_g4-5_1" description="Edit the task" executed="True" result="Success" success="True" time="43.624" asserts="0" />
                </results>
              </test-suite>
            </results>
          </test-suite>
          <test-suite type="TestFixture" name="SpecFlowFeature2Feature" description="SpecFlowFeature2" executed="True" result="Inconclusive" success="False" time="19.505" asserts="0">
            <results>
              <test-case name="nunit.SpecFlowFeature2Feature.AddThreeNumbers_lg_g4-5_1" description="Add three numbers" executed="True" result="Inconclusive" success="False" time="0.030" asserts="0">
                <categories>
                  <category name="mytag" />
                </categories>
                <reason>
                  <message><![CDATA[No matching step definition found for one or more steps.
using System;
using TechTalk.SpecFlow;

namespace MyNamespace
{
    [Binding]
    public class StepDefinitions
    {
        [Given(@"I have entered (.*) into the calculator")]
        public void GivenIHaveEnteredIntoTheCalculator(int p0)
        {
            ScenarioContext.Current.Pending();
        }
    }
}
]]></message>
                </reason>
              </test-case>
            </results>
          </test-suite>
        </results>
      </test-suite>
    </results>
  </test-suite>
  <test-suite type="Assembly" name="nunit.dll" executed="True" result="Success" success="False" time="236.354" asserts="0">
    <results>
      <test-suite type="Namespace" name="nunit" executed="True" result="Success" success="False" time="236.349" asserts="0">
        <results>
          <test-suite type="ParameterizedFixture" name="SpecFlowFeature1Feature" executed="True" result="Success" success="True" time="217.482" asserts="0">
            <results>
              <test-suite type="TestFixture" name="SpecFlowFeature1Feature(Android)" description="SpecFlowFeature1" executed="True" result="Success" success="True" time="123.180" asserts="0">
                <results>
                  <test-case name="nunit.SpecFlowFeature1Feature(Android).AddANewTask_oneplus_2-6_0_1" description="Add a new task" executed="True" result="Success" success="True" time="35.424" asserts="0">
                    <categories>
                      <category name="mytag" />
                    </categories>
                  </test-case>
                  <test-case name="nunit.SpecFlowFeature1Feature(Android).EditTheTask_oneplus_2-6_0_1" description="Edit the task" executed="True" result="Success" success="True" time="36.316" asserts="0" />
                </results>
              </test-suite>
              <test-suite type="TestFixture" name="SpecFlowFeature1Feature(iOS)" description="SpecFlowFeature1" executed="True" result="Success" success="True" time="94.300" asserts="0">
                <results>
                  <test-case name="nunit.SpecFlowFeature1Feature(iOS).AddANewTask_oneplus_2-6_0_1" description="Add a new task" executed="True" result="Success" success="True" time="35.965" asserts="0">
                    <categories>
                      <category name="mytag" />
                    </categories>
                  </test-case>
                  <test-case name="nunit.SpecFlowFeature1Feature(iOS).EditTheTask_oneplus_2-6_0_1" description="Edit the task" executed="True" result="Success" success="True" time="35.222" asserts="0" />
                </results>
              </test-suite>
            </results>
          </test-suite>
          <test-suite type="TestFixture" name="SpecFlowFeature2Feature" description="SpecFlowFeature2" executed="True" result="Inconclusive" success="False" time="18.864" asserts="0">
            <results>
              <test-case name="nunit.SpecFlowFeature2Feature.AddThreeNumbers_oneplus_2-6_0_1" description="Add three numbers" executed="True" result="Inconclusive" success="False" time="0.030" asserts="0">
                <categories>
                  <category name="mytag" />
                </categories>
                <reason>
                  <message><![CDATA[No matching step definition found for one or more steps.
using System;
using TechTalk.SpecFlow;

namespace MyNamespace
{
    [Binding]
    public class StepDefinitions
    {
        [Given(@"I have entered (.*) into the calculator")]
        public void GivenIHaveEnteredIntoTheCalculator(int p0)
        {
            ScenarioContext.Current.Pending();
        }
    }
}
]]></message>
                </reason>
              </test-case>
            </results>
          </test-suite>
        </results>
      </test-suite>
    </results>
  </test-suite>
</test-results>